<?xml version="1.0" encoding="UTF-8" ?>
<testsuite failures="0" time="0.033" errors="0" skipped="0" tests="1" name="org.ankus.GenerateDataTest">
  <properties>
    <property name="java.runtime.name" value="Java(TM) SE Runtime Environment"/>
    <property name="sun.boot.library.path" value="/System/Library/Java/JavaVirtualMachines/1.6.0.jdk/Contents/Libraries"/>
    <property name="java.vm.version" value="20.51-b01-457"/>
    <property name="awt.nativeDoubleBuffering" value="true"/>
    <property name="gopherProxySet" value="false"/>
    <property name="mrj.build" value="11M4509"/>
    <property name="java.vm.vendor" value="Apple Inc."/>
    <property name="java.vendor.url" value="http://www.apple.com/"/>
    <property name="path.separator" value=":"/>
    <property name="java.vm.name" value="Java HotSpot(TM) 64-Bit Server VM"/>
    <property name="file.encoding.pkg" value="sun.io"/>
    <property name="user.country" value="US"/>
    <property name="sun.java.launcher" value="SUN_STANDARD"/>
    <property name="sun.os.patch.level" value="unknown"/>
    <property name="java.vm.specification.name" value="Java Virtual Machine Specification"/>
    <property name="user.dir" value="/Users/suhyunjeon/Documents/workspace/ankus-core-0.1/trunk/generate"/>
    <property name="java.runtime.version" value="1.6.0_51-b11-457-11M4509"/>
    <property name="java.awt.graphicsenv" value="apple.awt.CGraphicsEnvironment"/>
    <property name="basedir" value="/Users/suhyunjeon/Documents/workspace/ankus-core-0.1/trunk/generate"/>
    <property name="java.endorsed.dirs" value="/System/Library/Java/JavaVirtualMachines/1.6.0.jdk/Contents/Home/lib/endorsed"/>
    <property name="os.arch" value="x86_64"/>
    <property name="surefire.real.class.path" value="/Users/suhyunjeon/Documents/workspace/ankus-core-0.1/trunk/generate/target/surefire/surefirebooter7640961493807646957.jar"/>
    <property name="java.io.tmpdir" value="/var/folders/h1/bh2jldfs49zch0c0wrk0_w240000gn/T/"/>
    <property name="line.separator" value="
"/>
    <property name="java.vm.specification.vendor" value="Sun Microsystems Inc."/>
    <property name="os.name" value="Mac OS X"/>
    <property name="sun.jnu.encoding" value="MacRoman"/>
    <property name="java.library.path" value=".:/Library/Java/Extensions:/System/Library/Java/Extensions:/usr/lib/java"/>
    <property name="surefire.test.class.path" value="/Users/suhyunjeon/Documents/workspace/ankus-core-0.1/trunk/generate/target/test-classes:/Users/suhyunjeon/Documents/workspace/ankus-core-0.1/trunk/generate/target/classes:/Users/suhyunjeon/.m2/repository/commons-logging/commons-logging/1.1.1/commons-logging-1.1.1.jar:/Users/suhyunjeon/.m2/repository/org/log4j/log4j/1.2.16/log4j-1.2.16.jar:/Users/suhyunjeon/.m2/repository/org/slf4j/slf4j-api/1.7.2/slf4j-api-1.7.2.jar:/Users/suhyunjeon/.m2/repository/org/slf4j/slf4j-log4j12/1.6.4/slf4j-log4j12-1.6.4.jar:/Users/suhyunjeon/.m2/repository/commons-el/commons-el/1.0/commons-el-1.0.jar:/Users/suhyunjeon/.m2/repository/javax/servlet/jsp/jsp-api/2.1/jsp-api-2.1.jar:/Users/suhyunjeon/.m2/repository/hadoop/hadoop-core/1.1.1/hadoop-core-1.1.1.jar:/Users/suhyunjeon/.m2/repository/pig/pig/0.11.0/pig-0.11.0.jar:/Users/suhyunjeon/.m2/repository/junit/junit/4.10/junit-4.10.jar:/Users/suhyunjeon/.m2/repository/org/hamcrest/hamcrest-core/1.1/hamcrest-core-1.1.jar:/Users/suhyunjeon/.m2/repository/antlr/antlr/2.7.7/antlr-2.7.7.jar:/Users/suhyunjeon/.m2/repository/jline/jline/1.0/jline-1.0.jar:/Users/suhyunjeon/.m2/repository/commons-collections/commons-collections/3.2.1/commons-collections-3.2.1.jar:"/>
    <property name="java.specification.name" value="Java Platform API Specification"/>
    <property name="java.class.version" value="50.0"/>
    <property name="sun.management.compiler" value="HotSpot 64-Bit Tiered Compilers"/>
    <property name="os.version" value="10.8.4"/>
    <property name="http.nonProxyHosts" value="local|*.local|169.254/16|*.169.254/16"/>
    <property name="user.home" value="/Users/suhyunjeon"/>
    <property name="user.timezone" value=""/>
    <property name="java.awt.printerjob" value="apple.awt.CPrinterJob"/>
    <property name="java.specification.version" value="1.6"/>
    <property name="file.encoding" value="MacRoman"/>
    <property name="user.name" value="suhyunjeon"/>
    <property name="java.class.path" value="/Users/suhyunjeon/Documents/workspace/ankus-core-0.1/trunk/generate/target/test-classes:/Users/suhyunjeon/Documents/workspace/ankus-core-0.1/trunk/generate/target/classes:/Users/suhyunjeon/.m2/repository/commons-logging/commons-logging/1.1.1/commons-logging-1.1.1.jar:/Users/suhyunjeon/.m2/repository/org/log4j/log4j/1.2.16/log4j-1.2.16.jar:/Users/suhyunjeon/.m2/repository/org/slf4j/slf4j-api/1.7.2/slf4j-api-1.7.2.jar:/Users/suhyunjeon/.m2/repository/org/slf4j/slf4j-log4j12/1.6.4/slf4j-log4j12-1.6.4.jar:/Users/suhyunjeon/.m2/repository/commons-el/commons-el/1.0/commons-el-1.0.jar:/Users/suhyunjeon/.m2/repository/javax/servlet/jsp/jsp-api/2.1/jsp-api-2.1.jar:/Users/suhyunjeon/.m2/repository/hadoop/hadoop-core/1.1.1/hadoop-core-1.1.1.jar:/Users/suhyunjeon/.m2/repository/pig/pig/0.11.0/pig-0.11.0.jar:/Users/suhyunjeon/.m2/repository/junit/junit/4.10/junit-4.10.jar:/Users/suhyunjeon/.m2/repository/org/hamcrest/hamcrest-core/1.1/hamcrest-core-1.1.jar:/Users/suhyunjeon/.m2/repository/antlr/antlr/2.7.7/antlr-2.7.7.jar:/Users/suhyunjeon/.m2/repository/jline/jline/1.0/jline-1.0.jar:/Users/suhyunjeon/.m2/repository/commons-collections/commons-collections/3.2.1/commons-collections-3.2.1.jar:"/>
    <property name="java.vm.specification.version" value="1.0"/>
    <property name="sun.arch.data.model" value="64"/>
    <property name="java.home" value="/System/Library/Java/JavaVirtualMachines/1.6.0.jdk/Contents/Home"/>
    <property name="sun.java.command" value="/Users/suhyunjeon/Documents/workspace/ankus-core-0.1/trunk/generate/target/surefire/surefirebooter7640961493807646957.jar /Users/suhyunjeon/Documents/workspace/ankus-core-0.1/trunk/generate/target/surefire/surefire6096217566809876151tmp /Users/suhyunjeon/Documents/workspace/ankus-core-0.1/trunk/generate/target/surefire/surefire5076731354278350834tmp"/>
    <property name="java.specification.vendor" value="Sun Microsystems Inc."/>
    <property name="user.language" value="en"/>
    <property name="awt.toolkit" value="apple.awt.CToolkit"/>
    <property name="java.vm.info" value="mixed mode"/>
    <property name="java.version" value="1.6.0_51"/>
    <property name="java.ext.dirs" value="/Library/Java/Extensions:/System/Library/Java/Extensions:/System/Library/Java/JavaVirtualMachines/1.6.0.jdk/Contents/Home/lib/ext"/>
    <property name="sun.boot.class.path" value="/System/Library/Java/JavaVirtualMachines/1.6.0.jdk/Contents/Classes/jsfd.jar:/System/Library/Java/JavaVirtualMachines/1.6.0.jdk/Contents/Classes/classes.jar:/System/Library/Frameworks/JavaVM.framework/Frameworks/JavaRuntimeSupport.framework/Resources/Java/JavaRuntimeSupport.jar:/System/Library/Java/JavaVirtualMachines/1.6.0.jdk/Contents/Classes/ui.jar:/System/Library/Java/JavaVirtualMachines/1.6.0.jdk/Contents/Classes/laf.jar:/System/Library/Java/JavaVirtualMachines/1.6.0.jdk/Contents/Classes/sunrsasign.jar:/System/Library/Java/JavaVirtualMachines/1.6.0.jdk/Contents/Classes/jsse.jar:/System/Library/Java/JavaVirtualMachines/1.6.0.jdk/Contents/Classes/jce.jar:/System/Library/Java/JavaVirtualMachines/1.6.0.jdk/Contents/Classes/charsets.jar"/>
    <property name="java.vendor" value="Apple Inc."/>
    <property name="localRepository" value="/Users/suhyunjeon/.m2/repository"/>
    <property name="file.separator" value="/"/>
    <property name="java.vendor.url.bug" value="http://bugreport.apple.com/"/>
    <property name="sun.cpu.endian" value="little"/>
    <property name="sun.io.unicode.encoding" value="UnicodeLittle"/>
    <property name="mrj.version" value="1070.1.6.0_51-457"/>
    <property name="socksNonProxyHosts" value="local|*.local|169.254/16|*.169.254/16"/>
    <property name="ftp.nonProxyHosts" value="local|*.local|169.254/16|*.169.254/16"/>
    <property name="sun.cpu.isalist" value=""/>
  </properties>
  <testcase time="0.001" classname="org.ankus.GenerateDataTest" name="test"/>
</testsuite>